0 verbose cli C:\Program Files\nodejs\node.exe C:\Users\Victor Chilomo\AppData\Roaming\npm\node_modules\npm\bin\npm-cli.js
1 info using npm@11.6.1
2 info using node@v22.20.0
3 silly config load:file:C:\Users\Victor Chilomo\AppData\Roaming\npm\node_modules\npm\npmrc
4 silly config load:file:C:\Users\Victor Chilomo\OneDrive\Desktop\EduPayTrack\backend\.npmrc
5 silly config load:file:C:\Users\Victor Chilomo\.npmrc
6 silly config load:file:C:\Users\Victor Chilomo\AppData\Roaming\npm\etc\npmrc
7 verbose title npm install multer @types/multer
8 verbose argv "install" "multer" "@types/multer" "--cache" ".npm-cache"
9 verbose logfile logs-max:10 dir:C:\Users\Victor Chilomo\OneDrive\Desktop\EduPayTrack\backend\.npm-cache\_logs\2026-03-18T12_44_50_147Z-
10 verbose logfile C:\Users\Victor Chilomo\OneDrive\Desktop\EduPayTrack\backend\.npm-cache\_logs\2026-03-18T12_44_50_147Z-debug-0.log
11 silly logfile done cleaning log files
12 silly packumentCache heap:2197815296 maxSize:549453824 maxEntrySize:274726912
13 silly idealTree buildDeps
14 silly fetch manifest multer@*
15 silly packumentCache full:https://registry.npmjs.org/multer cache-miss
16 http fetch GET 200 https://registry.npmjs.org/multer 2969ms (cache miss)
17 silly packumentCache full:https://registry.npmjs.org/multer set size:undefined disposed:false
18 silly fetch manifest @types/multer@*
19 silly packumentCache full:https://registry.npmjs.org/@types%2fmulter cache-miss
20 http fetch GET 200 https://registry.npmjs.org/@types%2fmulter 321ms (cache miss)
21 silly packumentCache full:https://registry.npmjs.org/@types%2fmulter set size:undefined disposed:false
22 silly placeDep ROOT @types/multer@2.1.0 OK for: edupaytrack-backend@1.0.0 want: *
23 silly placeDep ROOT multer@2.1.1 OK for: edupaytrack-backend@1.0.0 want: *
24 silly fetch manifest append-field@^1.0.0
25 silly packumentCache full:https://registry.npmjs.org/append-field cache-miss
26 silly fetch manifest busboy@^1.6.0
27 silly packumentCache full:https://registry.npmjs.org/busboy cache-miss
28 silly fetch manifest concat-stream@^2.0.0
29 silly packumentCache full:https://registry.npmjs.org/concat-stream cache-miss
30 http fetch GET 200 https://registry.npmjs.org/append-field 603ms (cache miss)
31 silly packumentCache full:https://registry.npmjs.org/append-field set size:undefined disposed:false
32 http fetch GET 200 https://registry.npmjs.org/concat-stream 1169ms (cache miss)
33 silly packumentCache full:https://registry.npmjs.org/concat-stream set size:undefined disposed:false
34 http fetch GET 200 https://registry.npmjs.org/busboy 1405ms (cache miss)
35 silly packumentCache full:https://registry.npmjs.org/busboy set size:undefined disposed:false
36 silly placeDep ROOT append-field@1.0.0 OK for: multer@2.1.1 want: ^1.0.0
37 silly placeDep ROOT busboy@1.6.0 OK for: multer@2.1.1 want: ^1.6.0
38 silly placeDep ROOT concat-stream@2.0.0 OK for: multer@2.1.1 want: ^2.0.0
39 silly fetch manifest streamsearch@^1.1.0
40 silly packumentCache full:https://registry.npmjs.org/streamsearch cache-miss
41 silly fetch manifest readable-stream@^3.0.2
42 silly packumentCache full:https://registry.npmjs.org/readable-stream cache-miss
43 silly fetch manifest typedarray@^0.0.6
44 silly packumentCache full:https://registry.npmjs.org/typedarray cache-miss
45 http fetch GET 200 https://registry.npmjs.org/streamsearch 255ms (cache miss)
46 silly packumentCache full:https://registry.npmjs.org/streamsearch set size:undefined disposed:false
47 http fetch GET 200 https://registry.npmjs.org/typedarray 291ms (cache miss)
48 silly packumentCache full:https://registry.npmjs.org/typedarray set size:undefined disposed:false
49 http fetch GET 200 https://registry.npmjs.org/readable-stream 578ms (cache miss)
50 silly packumentCache full:https://registry.npmjs.org/readable-stream set size:undefined disposed:false
51 silly placeDep ROOT streamsearch@1.1.0 OK for: busboy@1.6.0 want: ^1.1.0
52 silly placeDep ROOT readable-stream@3.6.2 OK for: concat-stream@2.0.0 want: ^3.0.2
53 silly placeDep ROOT typedarray@0.0.6 OK for: concat-stream@2.0.0 want: ^0.0.6
54 silly fetch manifest string_decoder@^1.1.1
55 silly packumentCache full:https://registry.npmjs.org/string_decoder cache-miss
56 silly fetch manifest util-deprecate@^1.0.1
57 silly packumentCache full:https://registry.npmjs.org/util-deprecate cache-miss
58 http fetch GET 200 https://registry.npmjs.org/util-deprecate 260ms (cache miss)
59 silly packumentCache full:https://registry.npmjs.org/util-deprecate set size:undefined disposed:false
60 http fetch GET 200 https://registry.npmjs.org/string_decoder 279ms (cache miss)
61 silly packumentCache full:https://registry.npmjs.org/string_decoder set size:undefined disposed:false
62 silly placeDep ROOT string_decoder@1.3.0 OK for: readable-stream@3.6.2 want: ^1.1.1
63 silly placeDep ROOT util-deprecate@1.0.2 OK for: readable-stream@3.6.2 want: ^1.0.1
64 silly reify moves {}
65 silly audit bulk request {
65 silly audit   '@cspotcode/source-map-support': [ '0.8.1' ],
65 silly audit   '@jridgewell/resolve-uri': [ '3.1.2' ],
65 silly audit   '@jridgewell/sourcemap-codec': [ '1.5.5' ],
65 silly audit   '@jridgewell/trace-mapping': [ '0.3.9' ],
65 silly audit   '@prisma/client': [ '6.19.2' ],
65 silly audit   '@prisma/config': [ '6.19.2' ],
65 silly audit   '@prisma/debug': [ '6.19.2' ],
65 silly audit   '@prisma/engines': [ '6.19.2' ],
65 silly audit   '@prisma/engines-version': [ '7.1.1-3.c2990dca591cba766e3b7ef5d9e8a84796e47ab7' ],
65 silly audit   '@prisma/fetch-engine': [ '6.19.2' ],
65 silly audit   '@prisma/get-platform': [ '6.19.2' ],
65 silly audit   '@standard-schema/spec': [ '1.1.0' ],
65 silly audit   '@tsconfig/node10': [ '1.0.12' ],
65 silly audit   '@tsconfig/node12': [ '1.0.11' ],
65 silly audit   '@tsconfig/node14': [ '1.0.3' ],
65 silly audit   '@tsconfig/node16': [ '1.0.4' ],
65 silly audit   '@types/body-parser': [ '1.19.6' ],
65 silly audit   '@types/connect': [ '3.4.38' ],
65 silly audit   '@types/cors': [ '2.8.19' ],
65 silly audit   '@types/express': [ '4.17.25' ],
65 silly audit   '@types/express-serve-static-core': [ '4.19.8' ],
65 silly audit   '@types/http-errors': [ '2.0.5' ],
65 silly audit   '@types/jsonwebtoken': [ '9.0.10' ],
65 silly audit   '@types/mime': [ '1.3.5' ],
65 silly audit   '@types/ms': [ '2.1.0' ],
65 silly audit   '@types/node': [ '20.19.37' ],
65 silly audit   '@types/qs': [ '6.15.0' ],
65 silly audit   '@types/range-parser': [ '1.2.7' ],
65 silly audit   '@types/send': [ '1.2.1', '0.17.6' ],
65 silly audit   '@types/serve-static': [ '1.15.10' ],
65 silly audit   '@types/strip-bom': [ '3.0.0' ],
65 silly audit   '@types/strip-json-comments': [ '0.0.30' ],
65 silly audit   accepts: [ '1.3.8' ],
65 silly audit   acorn: [ '8.16.0' ],
65 silly audit   'acorn-walk': [ '8.3.5' ],
65 silly audit   anymatch: [ '3.1.3' ],
65 silly audit   arg: [ '4.1.3' ],
65 silly audit   'array-flatten': [ '1.1.1' ],
65 silly audit   'balanced-match': [ '1.0.2' ],
65 silly audit   bcryptjs: [ '2.4.3' ],
65 silly audit   'binary-extensions': [ '2.3.0' ],
65 silly audit   'body-parser': [ '1.20.4' ],
65 silly audit   'brace-expansion': [ '1.1.12' ],
65 silly audit   braces: [ '3.0.3' ],
65 silly audit   'buffer-equal-constant-time': [ '1.0.1' ],
65 silly audit   'buffer-from': [ '1.1.2' ],
65 silly audit   bytes: [ '3.1.2' ],
65 silly audit   c12: [ '3.1.0' ],
65 silly audit   chokidar: [ '4.0.3', '3.6.0' ],
65 silly audit   readdirp: [ '4.1.2', '3.6.0' ],
65 silly audit   'call-bind-apply-helpers': [ '1.0.2' ],
65 silly audit   'call-bound': [ '1.0.4' ],
65 silly audit   citty: [ '0.1.6', '0.2.1' ],
65 silly audit   'concat-map': [ '0.0.1' ],
65 silly audit   confbox: [ '0.2.4' ],
65 silly audit   consola: [ '3.4.2' ],
65 silly audit   'content-disposition': [ '0.5.4' ],
65 silly audit   'content-type': [ '1.0.5' ],
65 silly audit   cookie: [ '0.7.2' ],
65 silly audit   'cookie-signature': [ '1.0.7' ],
65 silly audit   cors: [ '2.8.6' ],
65 silly audit   'create-require': [ '1.1.1' ],
65 silly audit   debug: [ '2.6.9' ],
65 silly audit   'deepmerge-ts': [ '7.1.5' ],
65 silly audit   defu: [ '6.1.4' ],
65 silly audit   depd: [ '2.0.0' ],
65 silly audit   destr: [ '2.0.5' ],
65 silly audit   destroy: [ '1.2.0' ],
65 silly audit   diff: [ '4.0.4' ],
65 silly audit   dotenv: [ '16.6.1' ],
65 silly audit   'dunder-proto': [ '1.0.1' ],
65 silly audit   'dynamic-dedupe': [ '0.3.0' ],
65 silly audit   'ecdsa-sig-formatter': [ '1.0.11' ],
65 silly audit   'ee-first': [ '1.1.1' ],
65 silly audit   effect: [ '3.18.4' ],
65 silly audit   empathic: [ '2.0.0' ],
65 silly audit   encodeurl: [ '2.0.0' ],
65 silly audit   'es-define-property': [ '1.0.1' ],
65 silly audit   'es-errors': [ '1.3.0' ],
65 silly audit   'es-object-atoms': [ '1.1.1' ],
65 silly audit   'escape-html': [ '1.0.3' ],
65 silly audit   etag: [ '1.8.1' ],
65 silly audit   express: [ '4.22.1' ],
65 silly audit   exsolve: [ '1.0.8' ],
65 silly audit   'fast-check': [ '3.23.2' ],
65 silly audit   'fill-range': [ '7.1.1' ],
65 silly audit   finalhandler: [ '1.3.2' ],
65 silly audit   forwarded: [ '0.2.0' ],
65 silly audit   fresh: [ '0.5.2' ],
65 silly audit   'fs.realpath': [ '1.0.0' ],
65 silly audit   fsevents: [ '2.3.3' ],
65 silly audit   'function-bind': [ '1.1.2' ],
65 silly audit   'get-intrinsic': [ '1.3.0' ],
65 silly audit   'get-proto': [ '1.0.1' ],
65 silly audit   giget: [ '2.0.0' ],
65 silly audit   glob: [ '7.2.3' ],
65 silly audit   'glob-parent': [ '5.1.2' ],
65 silly audit   gopd: [ '1.2.0' ],
65 silly audit   'has-symbols': [ '1.1.0' ],
65 silly audit   hasown: [ '2.0.2' ],
65 silly audit   'http-errors': [ '2.0.1' ],
65 silly audit   'iconv-lite': [ '0.4.24' ],
65 silly audit   inflight: [ '1.0.6' ],
65 silly audit   inherits: [ '2.0.4' ],
65 silly audit   'ipaddr.js': [ '1.9.1' ],
65 silly audit   'is-binary-path': [ '2.1.0' ],
65 silly audit   'is-core-module': [ '2.16.1' ],
65 silly audit   'is-extglob': [ '2.1.1' ],
65 silly audit   'is-glob': [ '4.0.3' ],
65 silly audit   'is-number': [ '7.0.0' ],
65 silly audit   jiti: [ '2.6.1' ],
65 silly audit   jsonwebtoken: [ '9.0.3' ],
65 silly audit   ms: [ '2.1.3', '2.0.0' ],
65 silly audit   jwa: [ '2.0.1' ],
65 silly audit   jws: [ '4.0.1' ],
65 silly audit   'lodash.includes': [ '4.3.0' ],
65 silly audit   'lodash.isboolean': [ '3.0.3' ],
65 silly audit   'lodash.isinteger': [ '4.0.4' ],
65 silly audit   'lodash.isnumber': [ '3.0.3' ],
65 silly audit   'lodash.isplainobject': [ '4.0.6' ],
65 silly audit   'lodash.isstring': [ '4.0.1' ],
65 silly audit   'lodash.once': [ '4.1.1' ],
65 silly audit   'make-error': [ '1.3.6' ],
65 silly audit   'math-intrinsics': [ '1.1.0' ],
65 silly audit   'media-typer': [ '0.3.0' ],
65 silly audit   'merge-descriptors': [ '1.0.3' ],
65 silly audit   methods: [ '1.1.2' ],
65 silly audit   mime: [ '1.6.0' ],
65 silly audit   'mime-db': [ '1.52.0' ],
65 silly audit   'mime-types': [ '2.1.35' ],
65 silly audit   minimatch: [ '3.1.5' ],
65 silly audit   minimist: [ '1.2.8' ],
65 silly audit   mkdirp: [ '1.0.4' ],
65 silly audit   negotiator: [ '0.6.3' ],
65 silly audit   'node-fetch-native': [ '1.6.7' ],
65 silly audit   'normalize-path': [ '3.0.0' ],
65 silly audit   nypm: [ '0.6.5' ],
65 silly audit   'object-assign': [ '4.1.1' ],
65 silly audit   'object-inspect': [ '1.13.4' ],
65 silly audit   ohash: [ '2.0.11' ],
65 silly audit   'on-finished': [ '2.4.1' ],
65 silly audit   once: [ '1.4.0' ],
65 silly audit   parseurl: [ '1.3.3' ],
65 silly audit   'path-is-absolute': [ '1.0.1' ],
65 silly audit   'path-parse': [ '1.0.7' ],
65 silly audit   'path-to-regexp': [ '0.1.12' ],
65 silly audit   pathe: [ '2.0.3' ],
65 silly audit   'perfect-debounce': [ '1.0.0' ],
65 silly audit   picomatch: [ '2.3.1' ],
65 silly audit   'pkg-types': [ '2.3.0' ],
65 silly audit   prisma: [ '6.19.2' ],
65 silly audit   'proxy-addr': [ '2.0.7' ],
65 silly audit   'pure-rand': [ '6.1.0' ],
65 silly audit   qs: [ '6.14.2' ],
65 silly audit   'range-parser': [ '1.2.1' ],
65 silly audit   'raw-body': [ '2.5.3' ],
65 silly audit   rc9: [ '2.1.2' ],
65 silly audit   resolve: [ '1.22.11' ],
65 silly audit   rimraf: [ '2.7.1' ],
65 silly audit   'safe-buffer': [ '5.2.1' ],
65 silly audit   'safer-buffer': [ '2.1.2' ],
65 silly audit   semver: [ '7.7.4' ],
65 silly audit   send: [ '0.19.2' ],
65 silly audit   'serve-static': [ '1.16.3' ],
65 silly audit   setprototypeof: [ '1.2.0' ],
65 silly audit   'side-channel': [ '1.1.0' ],
65 silly audit   'side-channel-list': [ '1.0.0' ],
65 silly audit   'side-channel-map': [ '1.0.1' ],
65 silly audit   'side-channel-weakmap': [ '1.0.2' ],
65 silly audit   'source-map': [ '0.6.1' ],
65 silly audit   'source-map-support': [ '0.5.21' ],
65 silly audit   statuses: [ '2.0.2' ],
65 silly audit   'strip-bom': [ '3.0.0' ],
65 silly audit   'strip-json-comments': [ '2.0.1' ],
65 silly audit   'supports-preserve-symlinks-flag': [ '1.0.0' ],
65 silly audit   tinyexec: [ '1.0.4' ],
65 silly audit   'to-regex-range': [ '5.0.1' ],
65 silly audit   toidentifier: [ '1.0.1' ],
65 silly audit   'tree-kill': [ '1.2.2' ],
65 silly audit   'ts-node': [ '10.9.2' ],
65 silly audit   'ts-node-dev': [ '2.0.0' ],
65 silly audit   tsconfig: [ '7.0.0' ],
65 silly audit   'type-is': [ '1.6.18' ],
65 silly audit   typescript: [ '5.9.3' ],
65 silly audit   'undici-types': [ '6.21.0' ],
65 silly audit   unpipe: [ '1.0.0' ],
65 silly audit   'utils-merge': [ '1.0.1' ],
65 silly audit   'v8-compile-cache-lib': [ '3.0.1' ],
65 silly audit   vary: [ '1.1.2' ],
65 silly audit   wrappy: [ '1.0.2' ],
65 silly audit   xtend: [ '4.0.2' ],
65 silly audit   yn: [ '3.1.1' ],
65 silly audit   zod: [ '3.25.76' ],
65 silly audit   '@types/multer': [ '2.1.0' ],
65 silly audit   multer: [ '2.1.1' ],
65 silly audit   'append-field': [ '1.0.0' ],
65 silly audit   busboy: [ '1.6.0' ],
65 silly audit   'concat-stream': [ '2.0.0' ],
65 silly audit   streamsearch: [ '1.1.0' ],
65 silly audit   'readable-stream': [ '3.6.2' ],
65 silly audit   typedarray: [ '0.0.6' ],
65 silly audit   string_decoder: [ '1.3.0' ],
65 silly audit   'util-deprecate': [ '1.0.2' ]
65 silly audit }
66 http cache util-deprecate@https://registry.npmjs.org/util-deprecate/-/util-deprecate-1.0.2.tgz 1ms (cache hit)
67 http cache string_decoder@https://registry.npmjs.org/string_decoder/-/string_decoder-1.3.0.tgz 0ms (cache hit)
68 http cache typedarray@https://registry.npmjs.org/typedarray/-/typedarray-0.0.6.tgz 0ms (cache hit)
69 http cache readable-stream@https://registry.npmjs.org/readable-stream/-/readable-stream-3.6.2.tgz 0ms (cache hit)
70 http cache streamsearch@https://registry.npmjs.org/streamsearch/-/streamsearch-1.1.0.tgz 0ms (cache hit)
71 http cache concat-stream@https://registry.npmjs.org/concat-stream/-/concat-stream-2.0.0.tgz 0ms (cache hit)
72 http cache busboy@https://registry.npmjs.org/busboy/-/busboy-1.6.0.tgz 0ms (cache hit)
73 http cache append-field@https://registry.npmjs.org/append-field/-/append-field-1.0.0.tgz 0ms (cache hit)
74 http cache multer@https://registry.npmjs.org/multer/-/multer-2.1.1.tgz 0ms (cache hit)
75 silly tarball no local data for util-deprecate@https://registry.npmjs.org/util-deprecate/-/util-deprecate-1.0.2.tgz. Extracting by manifest.
76 silly tarball no local data for string_decoder@https://registry.npmjs.org/string_decoder/-/string_decoder-1.3.0.tgz. Extracting by manifest.
77 http cache @types/multer@https://registry.npmjs.org/@types/multer/-/multer-2.1.0.tgz 0ms (cache hit)
78 silly tarball no local data for typedarray@https://registry.npmjs.org/typedarray/-/typedarray-0.0.6.tgz. Extracting by manifest.
79 silly tarball no local data for readable-stream@https://registry.npmjs.org/readable-stream/-/readable-stream-3.6.2.tgz. Extracting by manifest.
80 silly tarball no local data for streamsearch@https://registry.npmjs.org/streamsearch/-/streamsearch-1.1.0.tgz. Extracting by manifest.
81 silly tarball no local data for concat-stream@https://registry.npmjs.org/concat-stream/-/concat-stream-2.0.0.tgz. Extracting by manifest.
82 silly tarball no local data for busboy@https://registry.npmjs.org/busboy/-/busboy-1.6.0.tgz. Extracting by manifest.
83 silly tarball no local data for append-field@https://registry.npmjs.org/append-field/-/append-field-1.0.0.tgz. Extracting by manifest.
84 silly tarball no local data for multer@https://registry.npmjs.org/multer/-/multer-2.1.1.tgz. Extracting by manifest.
85 silly tarball no local data for @types/multer@https://registry.npmjs.org/@types/multer/-/multer-2.1.0.tgz. Extracting by manifest.
86 http fetch GET 200 https://registry.npmjs.org/util-deprecate/-/util-deprecate-1.0.2.tgz 315ms (cache miss)
87 http fetch GET 200 https://registry.npmjs.org/string_decoder/-/string_decoder-1.3.0.tgz 383ms (cache miss)
88 http fetch POST 200 https://registry.npmjs.org/-/npm/v1/security/advisories/bulk 568ms
89 silly audit report {}
90 http fetch GET 200 https://registry.npmjs.org/@types/multer/-/multer-2.1.0.tgz 1003ms (cache miss)
91 http fetch GET 200 https://registry.npmjs.org/append-field/-/append-field-1.0.0.tgz 1022ms (cache miss)
92 http fetch GET 200 https://registry.npmjs.org/concat-stream/-/concat-stream-2.0.0.tgz 1036ms (cache miss)
93 http fetch GET 200 https://registry.npmjs.org/typedarray/-/typedarray-0.0.6.tgz 1079ms (cache miss)
94 http fetch GET 200 https://registry.npmjs.org/streamsearch/-/streamsearch-1.1.0.tgz 1159ms (cache miss)
95 http fetch GET 200 https://registry.npmjs.org/multer/-/multer-2.1.1.tgz 1156ms (cache miss)
96 http fetch GET 200 https://registry.npmjs.org/busboy/-/busboy-1.6.0.tgz 1332ms (cache miss)
97 http fetch GET 200 https://registry.npmjs.org/readable-stream/-/readable-stream-3.6.2.tgz 1406ms (cache miss)
98 silly ADD node_modules/util-deprecate
99 silly ADD node_modules/string_decoder
100 silly ADD node_modules/typedarray
101 silly ADD node_modules/readable-stream
102 silly ADD node_modules/streamsearch
103 silly ADD node_modules/concat-stream
104 silly ADD node_modules/busboy
105 silly ADD node_modules/append-field
106 silly ADD node_modules/multer
107 silly ADD node_modules/@types/multer
108 verbose cwd C:\Users\Victor Chilomo\OneDrive\Desktop\EduPayTrack\backend
109 verbose os Windows_NT 10.0.22631
110 verbose node v22.20.0
111 verbose npm  v11.6.1
112 verbose exit 0
113 info ok
